mode: set
notification_service/internal/app/services/notification_service.go:16.87,21.16 3 1
notification_service/internal/app/services/notification_service.go:21.16,23.3 1 1
notification_service/internal/app/services/notification_service.go:24.2,24.15 1 1
notification_service/internal/app/services/notification_service.go:24.15,26.17 2 1
notification_service/internal/app/services/notification_service.go:26.17,28.4 1 1
notification_service/internal/app/services/notification_service.go:31.2,33.6 2 1
notification_service/internal/app/services/notification_service.go:33.6,34.10 1 1
notification_service/internal/app/services/notification_service.go:35.26,36.11 1 1
notification_service/internal/app/services/notification_service.go:36.11,38.5 1 0
notification_service/internal/app/services/notification_service.go:39.4,43.18 4 1
notification_service/internal/app/services/notification_service.go:43.18,45.13 2 1
notification_service/internal/app/services/notification_service.go:48.4,48.64 1 1
notification_service/internal/app/services/notification_service.go:50.18,51.13 1 1
notification_service/internal/app/services/notification_service.go:56.2,57.30 2 1
